Flow report for cpu
Mon Apr 15 10:43:25 2019
Quartus II 64-Bit Version 13.0.1 Build 232 06/12/2013 Service Pack 1 SJ Full Version


---------------------
; Table of Contents ;
---------------------
  1. Legal Notice
  2. Flow Summary
  3. Flow Settings
  4. Flow Non-Default Global Settings
  5. Flow Elapsed Time
  6. Flow OS Summary
  7. Flow Log
  8. Flow Messages
  9. Flow Suppressed Messages



----------------
; Legal Notice ;
----------------
Copyright (C) 1991-2013 Altera Corporation
Your use of Altera Corporation's design tools, logic functions 
and other software and tools, and its AMPP partner logic 
functions, and any output files from any of the foregoing 
(including device programming or simulation files), and any 
associated documentation or information are expressly subject 
to the terms and conditions of the Altera Program License 
Subscription Agreement, Altera MegaCore Function License 
Agreement, or other applicable license agreement, including, 
without limitation, that your use is for the sole purpose of 
programming logic devices manufactured by Altera and sold by 
Altera or its authorized distributors.  Please refer to the 
applicable agreement for further details.



+---------------------------------------------------------------------------------------+
; Flow Summary                                                                          ;
+------------------------------------+--------------------------------------------------+
; Flow Status                        ; Flow Failed - Mon Apr 15 10:43:25 2019           ;
; Quartus II 64-Bit Version          ; 13.0.1 Build 232 06/12/2013 SP 1 SJ Full Version ;
; Revision Name                      ; cpu                                              ;
; Top-level Entity Name              ; cpu                                              ;
; Family                             ; Cyclone II                                       ;
; Device                             ; EP2C35F672C6                                     ;
; Timing Models                      ; Final                                            ;
; Total logic elements               ; 4,143 / 33,216 ( 12 % )                          ;
;     Total combinational functions  ; 1,539 / 33,216 ( 5 % )                           ;
;     Dedicated logic registers      ; 3,481 / 33,216 ( 10 % )                          ;
; Total registers                    ; 3481                                             ;
; Total pins                         ; 40 / 475 ( 8 % )                                 ;
; Total virtual pins                 ; 0                                                ;
; Total memory bits                  ; 29,568 / 483,840 ( 6 % )                         ;
; Embedded Multiplier 9-bit elements ; 0 / 70 ( 0 % )                                   ;
; Total PLLs                         ; 0 / 4 ( 0 % )                                    ;
+------------------------------------+--------------------------------------------------+


+-----------------------------------------+
; Flow Settings                           ;
+-------------------+---------------------+
; Option            ; Setting             ;
+-------------------+---------------------+
; Start date & time ; 04/14/2019 23:09:40 ;
; Main task         ; Compilation         ;
; Revision Name     ; cpu                 ;
+-------------------+---------------------+


+------------------------------------------------------------------------------------------------------------------+
; Flow Non-Default Global Settings                                                                                 ;
+-------------------------------------+---------------------------------+---------------+-------------+------------+
; Assignment Name                     ; Value                           ; Default Value ; Entity Name ; Section Id ;
+-------------------------------------+---------------------------------+---------------+-------------+------------+
; COMPILER_SIGNATURE_ID               ; 154027289789715.155525457903656 ; --            ; --          ; --         ;
; MAX_CORE_JUNCTION_TEMP              ; 85                              ; --            ; --          ; --         ;
; MIN_CORE_JUNCTION_TEMP              ; 0                               ; --            ; --          ; --         ;
; PARTITION_COLOR                     ; 16764057                        ; --            ; --          ; Top        ;
; PARTITION_FITTER_PRESERVATION_LEVEL ; PLACEMENT_AND_ROUTING           ; --            ; --          ; Top        ;
; PARTITION_NETLIST_TYPE              ; SOURCE                          ; --            ; --          ; Top        ;
; PROJECT_OUTPUT_DIRECTORY            ; output_files                    ; --            ; --          ; --         ;
+-------------------------------------+---------------------------------+---------------+-------------+------------+


+-------------------------------------------------------------------------------------------------------------------------------+
; Flow Elapsed Time                                                                                                             ;
+---------------------------+--------------+-------------------------+---------------------+------------------------------------+
; Module Name               ; Elapsed Time ; Average Processors Used ; Peak Virtual Memory ; Total CPU Time (on all processors) ;
+---------------------------+--------------+-------------------------+---------------------+------------------------------------+
; Analysis & Synthesis      ; 00:00:03     ; 1.0                     ; 4617 MB             ; 00:00:02                           ;
; Fitter                    ; 00:00:06     ; 1.6                     ; 5491 MB             ; 00:00:10                           ;
; Assembler                 ; 00:00:04     ; 1.0                     ; 4600 MB             ; 00:00:02                           ;
; TimeQuest Timing Analyzer ; 00:00:02     ; 1.0                     ; 4627 MB             ; 00:00:02                           ;
; Analysis & Synthesis      ; 00:00:02     ; 1.0                     ; 4609 MB             ; 00:00:01                           ;
; Partition Merge           ; 00:00:01     ; 1.0                     ; 4663 MB             ; 00:00:01                           ;
; Fitter                    ; 00:00:05     ; 1.0                     ; 5495 MB             ; 00:00:07                           ;
; Assembler                 ; 00:00:02     ; 1.0                     ; 4596 MB             ; 00:00:02                           ;
; TimeQuest Timing Analyzer ; 00:00:03     ; 1.0                     ; 4627 MB             ; 00:00:02                           ;
; Analysis & Synthesis      ; 00:00:01     ; 1.0                     ; 4609 MB             ; 00:00:01                           ;
; Partition Merge           ; 00:00:02     ; 1.0                     ; 4662 MB             ; 00:00:01                           ;
; Fitter                    ; 00:00:04     ; 2.7                     ; 5499 MB             ; 00:00:06                           ;
; Assembler                 ; 00:00:02     ; 1.0                     ; 4600 MB             ; 00:00:02                           ;
; TimeQuest Timing Analyzer ; 00:00:02     ; 1.0                     ; 4627 MB             ; 00:00:02                           ;
; Analysis & Synthesis      ; 00:00:02     ; 1.0                     ; 4617 MB             ; 00:00:02                           ;
; Partition Merge           ; 00:00:01     ; 1.0                     ; 4662 MB             ; 00:00:01                           ;
; Fitter                    ; 00:00:05     ; 2.3                     ; 5493 MB             ; 00:00:09                           ;
; Assembler                 ; 00:00:02     ; 1.0                     ; 4600 MB             ; 00:00:02                           ;
; TimeQuest Timing Analyzer ; 00:00:03     ; 1.0                     ; 4627 MB             ; 00:00:02                           ;
; Analysis & Synthesis      ; 00:00:03     ; 1.0                     ; 4617 MB             ; 00:00:02                           ;
; Partition Merge           ; 00:00:01     ; 1.0                     ; 4662 MB             ; 00:00:01                           ;
; Fitter                    ; 00:00:05     ; 2.3                     ; 5487 MB             ; 00:00:08                           ;
; Assembler                 ; 00:00:02     ; 1.0                     ; 4596 MB             ; 00:00:02                           ;
; TimeQuest Timing Analyzer ; 00:00:02     ; 1.0                     ; 4627 MB             ; 00:00:02                           ;
; Analysis & Synthesis      ; 00:00:12     ; 1.5                     ; 4719 MB             ; 00:00:14                           ;
; Partition Merge           ; 00:00:02     ; 1.0                     ; 4689 MB             ; 00:00:02                           ;
; Fitter                    ; 00:00:08     ; 1.0                     ; 5499 MB             ; 00:00:11                           ;
; Assembler                 ; 00:00:03     ; 1.0                     ; 4615 MB             ; 00:00:02                           ;
; TimeQuest Timing Analyzer ; 00:00:02     ; 1.0                     ; 4646 MB             ; 00:00:02                           ;
; Analysis & Synthesis      ; 00:00:11     ; 1.3                     ; 4750 MB             ; 00:00:13                           ;
; Total                     ; 00:01:43     ; --                      ; --                  ; 00:01:56                           ;
+---------------------------+--------------+-------------------------+---------------------+------------------------------------+


+----------------------------------------------------------------------------------------+
; Flow OS Summary                                                                        ;
+---------------------------+------------------+-----------+------------+----------------+
; Module Name               ; Machine Hostname ; OS Name   ; OS Version ; Processor type ;
+---------------------------+------------------+-----------+------------+----------------+
; Analysis & Synthesis      ; LAPTOP-VTFVSU1M  ; Windows 7 ; 6.2        ; x86_64         ;
; Fitter                    ; LAPTOP-VTFVSU1M  ; Windows 7 ; 6.2        ; x86_64         ;
; Assembler                 ; LAPTOP-VTFVSU1M  ; Windows 7 ; 6.2        ; x86_64         ;
; TimeQuest Timing Analyzer ; LAPTOP-VTFVSU1M  ; Windows 7 ; 6.2        ; x86_64         ;
; Analysis & Synthesis      ; LAPTOP-VTFVSU1M  ; Windows 7 ; 6.2        ; x86_64         ;
; Partition Merge           ; LAPTOP-VTFVSU1M  ; Windows 7 ; 6.2        ; x86_64         ;
; Fitter                    ; LAPTOP-VTFVSU1M  ; Windows 7 ; 6.2        ; x86_64         ;
; Assembler                 ; LAPTOP-VTFVSU1M  ; Windows 7 ; 6.2        ; x86_64         ;
; TimeQuest Timing Analyzer ; LAPTOP-VTFVSU1M  ; Windows 7 ; 6.2        ; x86_64         ;
; Analysis & Synthesis      ; LAPTOP-VTFVSU1M  ; Windows 7 ; 6.2        ; x86_64         ;
; Partition Merge           ; LAPTOP-VTFVSU1M  ; Windows 7 ; 6.2        ; x86_64         ;
; Fitter                    ; LAPTOP-VTFVSU1M  ; Windows 7 ; 6.2        ; x86_64         ;
; Assembler                 ; LAPTOP-VTFVSU1M  ; Windows 7 ; 6.2        ; x86_64         ;
; TimeQuest Timing Analyzer ; LAPTOP-VTFVSU1M  ; Windows 7 ; 6.2        ; x86_64         ;
; Analysis & Synthesis      ; LAPTOP-VTFVSU1M  ; Windows 7 ; 6.2        ; x86_64         ;
; Partition Merge           ; LAPTOP-VTFVSU1M  ; Windows 7 ; 6.2        ; x86_64         ;
; Fitter                    ; LAPTOP-VTFVSU1M  ; Windows 7 ; 6.2        ; x86_64         ;
; Assembler                 ; LAPTOP-VTFVSU1M  ; Windows 7 ; 6.2        ; x86_64         ;
; TimeQuest Timing Analyzer ; LAPTOP-VTFVSU1M  ; Windows 7 ; 6.2        ; x86_64         ;
; Analysis & Synthesis      ; LAPTOP-VTFVSU1M  ; Windows 7 ; 6.2        ; x86_64         ;
; Partition Merge           ; LAPTOP-VTFVSU1M  ; Windows 7 ; 6.2        ; x86_64         ;
; Fitter                    ; LAPTOP-VTFVSU1M  ; Windows 7 ; 6.2        ; x86_64         ;
; Assembler                 ; LAPTOP-VTFVSU1M  ; Windows 7 ; 6.2        ; x86_64         ;
; TimeQuest Timing Analyzer ; LAPTOP-VTFVSU1M  ; Windows 7 ; 6.2        ; x86_64         ;
; Analysis & Synthesis      ; LAPTOP-VTFVSU1M  ; Windows 7 ; 6.2        ; x86_64         ;
; Partition Merge           ; LAPTOP-VTFVSU1M  ; Windows 7 ; 6.2        ; x86_64         ;
; Fitter                    ; LAPTOP-VTFVSU1M  ; Windows 7 ; 6.2        ; x86_64         ;
; Assembler                 ; LAPTOP-VTFVSU1M  ; Windows 7 ; 6.2        ; x86_64         ;
; TimeQuest Timing Analyzer ; LAPTOP-VTFVSU1M  ; Windows 7 ; 6.2        ; x86_64         ;
; Analysis & Synthesis      ; LAPTOP-VTFVSU1M  ; Windows 7 ; 6.2        ; x86_64         ;
+---------------------------+------------------+-----------+------------+----------------+


------------
; Flow Log ;
------------
quartus_map --read_settings_files=on --write_settings_files=off cpu -c cpu
quartus_fit --read_settings_files=off --write_settings_files=off cpu -c cpu
quartus_asm --read_settings_files=off --write_settings_files=off cpu -c cpu
quartus_sta cpu -c cpu
quartus_map --read_settings_files=on --write_settings_files=off cpu -c cpu
quartus_cdb --read_settings_files=off --write_settings_files=off cpu -c cpu --merge=on
quartus_fit --read_settings_files=off --write_settings_files=off cpu -c cpu
quartus_asm --read_settings_files=off --write_settings_files=off cpu -c cpu
quartus_sta cpu -c cpu
quartus_map --read_settings_files=on --write_settings_files=off cpu -c cpu
quartus_cdb --read_settings_files=off --write_settings_files=off cpu -c cpu --merge=on
quartus_fit --read_settings_files=off --write_settings_files=off cpu -c cpu
quartus_asm --read_settings_files=off --write_settings_files=off cpu -c cpu
quartus_sta cpu -c cpu
quartus_map --read_settings_files=on --write_settings_files=off cpu -c cpu
quartus_cdb --read_settings_files=off --write_settings_files=off cpu -c cpu --merge=on
quartus_fit --read_settings_files=off --write_settings_files=off cpu -c cpu
quartus_asm --read_settings_files=off --write_settings_files=off cpu -c cpu
quartus_sta cpu -c cpu
quartus_map --read_settings_files=on --write_settings_files=off cpu -c cpu
quartus_cdb --read_settings_files=off --write_settings_files=off cpu -c cpu --merge=on
quartus_fit --read_settings_files=off --write_settings_files=off cpu -c cpu
quartus_asm --read_settings_files=off --write_settings_files=off cpu -c cpu
quartus_sta cpu -c cpu
quartus_map --read_settings_files=on --write_settings_files=off cpu -c cpu
quartus_cdb --read_settings_files=off --write_settings_files=off cpu -c cpu --merge=on
quartus_fit --read_settings_files=off --write_settings_files=off cpu -c cpu
quartus_asm --read_settings_files=off --write_settings_files=off cpu -c cpu
quartus_sta cpu -c cpu
quartus_map --read_settings_files=on --write_settings_files=off cpu -c cpu
quartus_cdb --read_settings_files=off --write_settings_files=off cpu -c cpu --merge=on



